2025-01-06 08:41:20,487 [INFO] Activator:176 - 


2025-01-06 08:41:20,502 [INFO] Activator:177 - !SESSION log4j initialized
2025-01-06 08:41:35,064 [INFO] LogOutputStream:77 - [STDOUT_REDIRECT] 
2025-01-06 08:41:43,694 [INFO] ApplicationProperties:184 - Using Application install path: C:\ST\STM32CubeIDE_1.17.0\STM32CubeIDE\plugins\com.st.stm32cube.common.mx_6.13.0.202411220809
2025-01-06 08:41:43,719 [INFO] DbMcusXml:78 - Set database path to: C:\ST\STM32CubeIDE_1.17.0\STM32CubeIDE\plugins\com.st.stm32cube.common.mx_6.13.0.202411220809\\db\/mcu/
2025-01-06 08:41:43,719 [INFO] ApiDb:274 - Set plugin database path to: C:\ST\STM32CubeIDE_1.17.0\STM32CubeIDE\plugins\com.st.stm32cube.common.mx_6.13.0.202411220809\\db\/plugins/boardmanager/
2025-01-06 08:41:43,720 [WARN] ApiDb:259 - Overriding images path with different value:  => C:\ST\STM32CubeIDE_1.17.0\STM32CubeIDE\plugins\com.st.stm32cube.common.mx_6.13.0.202411220809\\db\/plugins/mcufinder/images/
2025-01-06 08:41:43,737 [INFO] ApiDb:250 - Set database path to: C:\Users\user\.stmcufinder\plugins\mcufinder//mcu/
2025-01-06 08:41:43,739 [INFO] DbMcusAds:125 - Set database path to: C:\Users\user\.stmcufinder\plugins\mcufinder//mcu/
2025-01-06 08:41:43,743 [INFO] CrossReferenceDbSqlite:203 - Set database path to: C:\Users\user\.stmcufinder\plugins\mcufinder//mcu/cs/
2025-01-06 08:41:43,940 [INFO] RulesReader:64 - Compatibility file has been processed (297 Rules)
2025-01-06 08:41:44,415 [INFO] DbMcusXml:78 - Set database path to: C:\ST\STM32CubeIDE_1.17.0\STM32CubeIDE\plugins\com.st.stm32cube.common.mx_6.13.0.202411220809\\db\/mcu/
2025-01-06 08:41:44,415 [INFO] ApiDb:274 - Set plugin database path to: C:\ST\STM32CubeIDE_1.17.0\STM32CubeIDE\plugins\com.st.stm32cube.common.mx_6.13.0.202411220809\\db\/plugins/boardmanager/
2025-01-06 08:41:44,415 [INFO] ApiDb:261 - Set plugin images path to: C:\ST\STM32CubeIDE_1.17.0\STM32CubeIDE\plugins\com.st.stm32cube.common.mx_6.13.0.202411220809\\db\/plugins/mcufinder/images/
2025-01-06 08:41:44,416 [WARN] DbFile:41 - Overriding database path with different value: C:\Users\user\.stmcufinder\plugins\mcufinder/ => C:\Users\user\.stmcufinder\plugins\mcufinder
2025-01-06 08:41:44,416 [INFO] ApiDb:250 - Set database path to: C:\Users\user\.stmcufinder\plugins\mcufinder//mcu/
2025-01-06 08:41:44,416 [WARN] DbFile:41 - Overriding database path with different value: C:\Users\user\.stmcufinder\plugins\mcufinder/ => C:\Users\user\.stmcufinder\plugins\mcufinder
2025-01-06 08:41:44,417 [INFO] DbMcusAds:125 - Set database path to: C:\Users\user\.stmcufinder\plugins\mcufinder//mcu/
2025-01-06 08:41:44,417 [WARN] DbFile:41 - Overriding database path with different value: C:\Users\user\.stmcufinder\plugins\mcufinder/ => C:\Users\user\.stmcufinder\plugins\mcufinder
2025-01-06 08:41:44,417 [WARN] DbFile:41 - Overriding database path with different value: C:\Users\user\.stmcufinder\plugins\mcufinder/ => C:\Users\user\.stmcufinder\plugins\mcufinder
2025-01-06 08:41:44,417 [INFO] CrossReferenceDbSqlite:203 - Set database path to: C:\Users\user\.stmcufinder\plugins\mcufinder//mcu/cs/
2025-01-06 08:41:44,870 [INFO] MainPanel:272 - HeapMemory: 268435456
2025-01-06 08:41:45,162 [INFO] DbMcusXml:78 - Set database path to: C:\ST\STM32CubeIDE_1.17.0\STM32CubeIDE\plugins\com.st.stm32cube.common.mx_6.13.0.202411220809\\db\/mcu/
2025-01-06 08:41:45,162 [INFO] ApiDb:274 - Set plugin database path to: C:\ST\STM32CubeIDE_1.17.0\STM32CubeIDE\plugins\com.st.stm32cube.common.mx_6.13.0.202411220809\\db\/plugins/boardmanager/
2025-01-06 08:41:45,162 [INFO] ApiDb:261 - Set plugin images path to: C:\ST\STM32CubeIDE_1.17.0\STM32CubeIDE\plugins\com.st.stm32cube.common.mx_6.13.0.202411220809\\db\/plugins/mcufinder/images/
2025-01-06 08:41:45,163 [WARN] DbFile:41 - Overriding database path with different value: C:\Users\user\.stmcufinder\plugins\mcufinder/ => C:\Users\user\.stmcufinder\plugins\mcufinder
2025-01-06 08:41:45,163 [INFO] ApiDb:250 - Set database path to: C:\Users\user\.stmcufinder\plugins\mcufinder//mcu/
2025-01-06 08:41:45,163 [WARN] DbFile:41 - Overriding database path with different value: C:\Users\user\.stmcufinder\plugins\mcufinder/ => C:\Users\user\.stmcufinder\plugins\mcufinder
2025-01-06 08:41:45,164 [INFO] DbMcusAds:125 - Set database path to: C:\Users\user\.stmcufinder\plugins\mcufinder//mcu/
2025-01-06 08:41:45,164 [WARN] DbFile:41 - Overriding database path with different value: C:\Users\user\.stmcufinder\plugins\mcufinder/ => C:\Users\user\.stmcufinder\plugins\mcufinder
2025-01-06 08:41:45,164 [WARN] DbFile:41 - Overriding database path with different value: C:\Users\user\.stmcufinder\plugins\mcufinder/ => C:\Users\user\.stmcufinder\plugins\mcufinder
2025-01-06 08:41:45,164 [INFO] CrossReferenceDbSqlite:203 - Set database path to: C:\Users\user\.stmcufinder\plugins\mcufinder//mcu/cs/
2025-01-06 08:41:45,233 [INFO] ApplicationProperties:184 - Using Application install path: C:\ST\STM32CubeIDE_1.17.0\STM32CubeIDE\plugins\com.st.stm32cube.common.mx_6.13.0.202411220809
2025-01-06 08:41:45,235 [INFO] PluginManage:196 - Search for loadable plugins [exclusion list=, ]
2025-01-06 08:41:45,238 [INFO] PluginManage:310 - Check plugin analytics
2025-01-06 08:41:50,909 [INFO] AnalyticsPlugin:253 - Accepted Software Licenses: 
2025-01-06 08:41:50,910 [INFO] AnalyticsPlugin:255 - Accepted CMSIS Pack Licenses: 
2025-01-06 08:41:50,910 [INFO] AnalyticsPlugin:257 - Accepted Firmware Licenses: 
2025-01-06 08:41:50,937 [INFO] PluginManage:359 - Loaded plugin analytics (category:tool,tabindex:-1)
2025-01-06 08:41:50,938 [INFO] PluginManage:310 - Check plugin cadmodel
2025-01-06 08:41:50,959 [INFO] CADModel:105 - Init CAD model plugin
2025-01-06 08:41:50,960 [INFO] PluginManage:359 - Loaded plugin cadmodel (category:power,tabindex:5)
2025-01-06 08:41:50,961 [INFO] PluginManage:310 - Check plugin clock
2025-01-06 08:41:50,990 [INFO] PluginManage:359 - Loaded plugin clock (category:base,tabindex:2)
2025-01-06 08:41:50,990 [INFO] PluginManage:310 - Check plugin ddr
2025-01-06 08:41:50,995 [INFO] PluginManage:359 - Loaded plugin ddr (category:tool,tabindex:6)
2025-01-06 08:41:50,996 [INFO] PluginManage:310 - Check plugin filemanager
2025-01-06 08:41:51,348 [INFO] PluginManage:359 - Loaded plugin filemanager (category:base,tabindex:10)
2025-01-06 08:41:51,349 [INFO] PluginManage:310 - Check plugin ipmanager
2025-01-06 08:41:51,388 [INFO] PluginManage:359 - Loaded plugin ipmanager (category:base,tabindex:5)
2025-01-06 08:41:51,389 [INFO] PluginManage:310 - Check plugin lpbam
2025-01-06 08:41:51,410 [INFO] PluginManage:359 - Loaded plugin lpbam (category:base,tabindex:0)
2025-01-06 08:41:51,410 [INFO] PluginManage:310 - Check plugin memorymap
2025-01-06 08:41:51,472 [INFO] PluginManage:359 - Loaded plugin memorymap (category:base,tabindex:4)
2025-01-06 08:41:51,473 [INFO] PluginManage:310 - Check plugin pinoutandconfiguration
2025-01-06 08:41:51,508 [INFO] PluginManage:359 - Loaded plugin pinoutandconfiguration (category:base,tabindex:1)
2025-01-06 08:41:51,508 [INFO] PluginManage:310 - Check plugin pinoutconfig
2025-01-06 08:41:51,841 [WARN] SupportedApi:132 - Cannot load RTOS API schema: s4s-elt-must-match.1: The content of 'definitions' must match (annotation?, (simpleType | complexType)?, (unique | key | keyref)*)). A problem was found starting at: attribute.
2025-01-06 08:41:52,267 [INFO] PluginManage:359 - Loaded plugin pinoutconfig (category:base,tabindex:0)
2025-01-06 08:41:52,267 [INFO] PluginManage:310 - Check plugin power
2025-01-06 08:41:52,299 [INFO] PluginManage:359 - Loaded plugin power (category:power,tabindex:4)
2025-01-06 08:41:52,300 [INFO] PluginManage:310 - Check plugin projectmanager
2025-01-06 08:41:52,339 [INFO] PluginManage:359 - Loaded plugin projectmanager (category:projectmanager,tabindex:4)
2025-01-06 08:41:52,340 [INFO] PluginManage:310 - Check plugin rif
2025-01-06 08:41:52,361 [INFO] PluginManage:359 - Loaded plugin rif (category:base,tabindex:3)
2025-01-06 08:41:52,362 [INFO] PluginManage:310 - Check plugin thirdparty
2025-01-06 08:41:52,775 [WARN] IntegrityCheckThread:84 - waiting for thirdparty lock release [integrity check]
2025-01-06 08:41:52,775 [INFO] PluginManage:359 - Loaded plugin thirdparty (category:base,tabindex:-1)
2025-01-06 08:41:52,776 [INFO] PluginManage:310 - Check plugin tools
2025-01-06 08:41:52,775 [INFO] IntegrityCheckThread:86 - entering critical section [integrity check]
2025-01-06 08:41:52,780 [INFO] ThirdPartyUpdaterWithRetryManager:70 - Updater plugin not ready yet. [1/15]
2025-01-06 08:41:52,786 [INFO] PluginManage:359 - Loaded plugin tools (category:base,tabindex:7)
2025-01-06 08:41:52,786 [INFO] PluginManage:310 - Check plugin tutovideos
2025-01-06 08:41:53,141 [INFO] PluginManage:359 - Loaded plugin tutovideos (category:base,tabindex:-1)
2025-01-06 08:41:53,141 [INFO] PluginManage:310 - Check plugin updater
2025-01-06 08:41:53,188 [INFO] PluginManage:359 - Loaded plugin updater (category:base,tabindex:12)
2025-01-06 08:41:53,188 [INFO] PluginManage:310 - Check plugin userauth
2025-01-06 08:41:53,197 [INFO] UserAuth:118 - Init User Auth plugin
2025-01-06 08:41:53,200 [INFO] PluginManage:359 - Loaded plugin userauth (category:base,tabindex:14)
2025-01-06 08:41:53,201 [INFO] PluginManage:283 - PluginManage : Loaded plugins [18]
2025-01-06 08:41:53,973 [INFO] PinOutPanel:1589 - setPackage(No Configuration,No Configuration)
2025-01-06 08:41:54,313 [INFO] CADModel:165 - CPN selected for project level
2025-01-06 08:41:54,313 [INFO] CADModel:114 - Register for checkConnection events
2025-01-06 08:41:54,350 [INFO] IPUIPlugin:80 - create IPUIPlugin
2025-01-06 08:41:54,351 [INFO] PluginManager:220 - loadIPPluginJar : add adc
2025-01-06 08:41:54,357 [INFO] IPUIPlugin:80 - create IPUIPlugin
2025-01-06 08:41:54,357 [INFO] PluginManager:220 - loadIPPluginJar : add aes
2025-01-06 08:41:54,364 [INFO] IPUIPlugin:80 - create IPUIPlugin
2025-01-06 08:41:54,364 [INFO] PluginManager:220 - loadIPPluginJar : add can
2025-01-06 08:41:54,369 [INFO] IPUIPlugin:80 - create IPUIPlugin
2025-01-06 08:41:54,369 [INFO] PluginManager:220 - loadIPPluginJar : add comp
2025-01-06 08:41:54,375 [INFO] IPUIPlugin:80 - create IPUIPlugin
2025-01-06 08:41:54,376 [INFO] PluginManager:220 - loadIPPluginJar : add cryp
2025-01-06 08:41:54,384 [INFO] IPUIPlugin:80 - create IPUIPlugin
2025-01-06 08:41:54,384 [INFO] PluginManager:220 - loadIPPluginJar : add ddr_ctrl_phy
2025-01-06 08:41:54,390 [INFO] IPUIPlugin:80 - create IPUIPlugin
2025-01-06 08:41:54,391 [INFO] PluginManager:220 - loadIPPluginJar : add dfsdm
2025-01-06 08:41:54,402 [INFO] IPUIPlugin:80 - create IPUIPlugin
2025-01-06 08:41:54,403 [INFO] PluginManager:220 - loadIPPluginJar : add dma
2025-01-06 08:41:54,410 [INFO] IPUIPlugin:80 - create IPUIPlugin
2025-01-06 08:41:54,410 [INFO] PluginManager:220 - loadIPPluginJar : add dma3
2025-01-06 08:41:54,417 [INFO] IPUIPlugin:80 - create IPUIPlugin
2025-01-06 08:41:54,417 [INFO] PluginManager:220 - loadIPPluginJar : add extmemmanager
2025-01-06 08:41:54,421 [INFO] IPUIPlugin:80 - create IPUIPlugin
2025-01-06 08:41:54,421 [INFO] PluginManager:220 - loadIPPluginJar : add fatfs
2025-01-06 08:41:54,431 [INFO] IPUIPlugin:80 - create IPUIPlugin
2025-01-06 08:41:54,431 [INFO] PluginManager:220 - loadIPPluginJar : add fmc
2025-01-06 08:41:54,443 [INFO] IPUIPlugin:80 - create IPUIPlugin
2025-01-06 08:41:54,444 [INFO] PluginManager:220 - loadIPPluginJar : add freertos
2025-01-06 08:41:54,448 [INFO] IPUIPlugin:80 - create IPUIPlugin
2025-01-06 08:41:54,449 [INFO] PluginManager:220 - loadIPPluginJar : add genericplugin
2025-01-06 08:41:54,454 [INFO] IPUIPlugin:80 - create IPUIPlugin
2025-01-06 08:41:54,455 [INFO] PluginManager:220 - loadIPPluginJar : add gfxmmu
2025-01-06 08:41:54,466 [INFO] IPUIPlugin:80 - create IPUIPlugin
2025-01-06 08:41:54,467 [INFO] PluginManager:220 - loadIPPluginJar : add gic
2025-01-06 08:41:54,477 [INFO] IPUIPlugin:80 - create IPUIPlugin
2025-01-06 08:41:54,477 [INFO] PluginManager:220 - loadIPPluginJar : add gpio
2025-01-06 08:41:54,485 [INFO] IPUIPlugin:80 - create IPUIPlugin
2025-01-06 08:41:54,486 [INFO] PluginManager:220 - loadIPPluginJar : add gtzc
2025-01-06 08:41:54,492 [INFO] IPUIPlugin:80 - create IPUIPlugin
2025-01-06 08:41:54,493 [INFO] PluginManager:220 - loadIPPluginJar : add hash
2025-01-06 08:41:54,500 [INFO] IPUIPlugin:80 - create IPUIPlugin
2025-01-06 08:41:54,500 [INFO] PluginManager:220 - loadIPPluginJar : add i2c
2025-01-06 08:41:54,508 [INFO] IPUIPlugin:80 - create IPUIPlugin
2025-01-06 08:41:54,508 [INFO] PluginManager:220 - loadIPPluginJar : add i2s
2025-01-06 08:41:54,515 [INFO] IPUIPlugin:80 - create IPUIPlugin
2025-01-06 08:41:54,516 [INFO] PluginManager:220 - loadIPPluginJar : add i3c
2025-01-06 08:41:54,524 [INFO] IPUIPlugin:80 - create IPUIPlugin
2025-01-06 08:41:54,525 [INFO] PluginManager:220 - loadIPPluginJar : add ipddr
2025-01-06 08:41:54,542 [INFO] IPUIPlugin:80 - create IPUIPlugin
2025-01-06 08:41:54,542 [INFO] PluginManager:220 - loadIPPluginJar : add linkedlist
2025-01-06 08:41:54,551 [INFO] IPUIPlugin:80 - create IPUIPlugin
2025-01-06 08:41:54,551 [INFO] PluginManager:220 - loadIPPluginJar : add lorawan
2025-01-06 08:41:54,556 [INFO] IPUIPlugin:80 - create IPUIPlugin
2025-01-06 08:41:54,556 [INFO] PluginManager:220 - loadIPPluginJar : add ltdc
2025-01-06 08:41:54,577 [INFO] IPUIPlugin:80 - create IPUIPlugin
2025-01-06 08:41:54,577 [INFO] PluginManager:220 - loadIPPluginJar : add mdma
2025-01-06 08:41:54,593 [INFO] IPUIPlugin:80 - create IPUIPlugin
2025-01-06 08:41:54,594 [INFO] PluginManager:220 - loadIPPluginJar : add nvic
2025-01-06 08:41:54,607 [INFO] IPUIPlugin:80 - create IPUIPlugin
2025-01-06 08:41:54,608 [INFO] PluginManager:220 - loadIPPluginJar : add opamp
2025-01-06 08:41:54,618 [INFO] IPUIPlugin:80 - create IPUIPlugin
2025-01-06 08:41:54,619 [INFO] PluginManager:220 - loadIPPluginJar : add openamp
2025-01-06 08:41:54,630 [INFO] IPUIPlugin:80 - create IPUIPlugin
2025-01-06 08:41:54,630 [INFO] PluginManager:220 - loadIPPluginJar : add pdm2pcm
2025-01-06 08:41:54,652 [INFO] IPUIPlugin:80 - create IPUIPlugin
2025-01-06 08:41:54,664 [INFO] PluginManager:220 - loadIPPluginJar : add plateformsettings
2025-01-06 08:41:54,671 [INFO] IPUIPlugin:80 - create IPUIPlugin
2025-01-06 08:41:54,671 [INFO] PluginManager:220 - loadIPPluginJar : add quadspi
2025-01-06 08:41:54,678 [INFO] IPUIPlugin:80 - create IPUIPlugin
2025-01-06 08:41:54,680 [INFO] PluginManager:220 - loadIPPluginJar : add radio
2025-01-06 08:41:54,691 [INFO] IPUIPlugin:80 - create IPUIPlugin
2025-01-06 08:41:54,691 [INFO] PluginManager:220 - loadIPPluginJar : add resmgrutility
2025-01-06 08:41:54,705 [INFO] IPUIPlugin:80 - create IPUIPlugin
2025-01-06 08:41:54,705 [INFO] PluginManager:220 - loadIPPluginJar : add sai
2025-01-06 08:41:54,720 [INFO] IPUIPlugin:80 - create IPUIPlugin
2025-01-06 08:41:54,720 [INFO] PluginManager:220 - loadIPPluginJar : add spi
2025-01-06 08:41:54,739 [INFO] IPUIPlugin:80 - create IPUIPlugin
2025-01-06 08:41:54,740 [INFO] PluginManager:220 - loadIPPluginJar : add stm32_wpan
2025-01-06 08:41:54,750 [INFO] IPUIPlugin:80 - create IPUIPlugin
2025-01-06 08:41:54,751 [INFO] PluginManager:220 - loadIPPluginJar : add tim
2025-01-06 08:41:54,764 [INFO] IPUIPlugin:80 - create IPUIPlugin
2025-01-06 08:41:54,764 [INFO] PluginManager:220 - loadIPPluginJar : add touchsensing
2025-01-06 08:41:54,773 [INFO] IPUIPlugin:80 - create IPUIPlugin
2025-01-06 08:41:54,773 [INFO] PluginManager:220 - loadIPPluginJar : add tracer_emb
2025-01-06 08:41:54,780 [INFO] IPUIPlugin:80 - create IPUIPlugin
2025-01-06 08:41:54,781 [INFO] PluginManager:220 - loadIPPluginJar : add ts
2025-01-06 08:41:54,785 [INFO] IPUIPlugin:80 - create IPUIPlugin
2025-01-06 08:41:54,786 [INFO] PluginManager:220 - loadIPPluginJar : add tsc
2025-01-06 08:41:54,793 [INFO] IPUIPlugin:80 - create IPUIPlugin
2025-01-06 08:41:54,794 [INFO] PluginManager:220 - loadIPPluginJar : add ucpd
2025-01-06 08:41:54,804 [INFO] IPUIPlugin:80 - create IPUIPlugin
2025-01-06 08:41:54,804 [INFO] PluginManager:220 - loadIPPluginJar : add usart
2025-01-06 08:41:54,815 [INFO] IPUIPlugin:80 - create IPUIPlugin
2025-01-06 08:41:54,816 [INFO] PluginManager:220 - loadIPPluginJar : add usbx
2025-01-06 08:41:55,141 [FATAL] Updater:351 - Updater called before beeing initialized
2025-01-06 08:41:55,193 [INFO] RulesReader:64 - Compatibility file has been processed (297 Rules)
2025-01-06 08:41:55,216 [INFO] RulesReader:64 - Compatibility file has been processed (297 Rules)
2025-01-06 08:41:55,230 [INFO] CADModel:165 - CPN selected for project level
2025-01-06 08:41:55,230 [INFO] CADModel:114 - Register for checkConnection events
2025-01-06 08:41:55,230 [FATAL] Updater:351 - Updater called before beeing initialized
2025-01-06 08:41:55,231 [ERROR] CADModel:125 - Updater not yet initialized, retry later 
2025-01-06 08:41:55,571 [FATAL] Updater:351 - Updater called before beeing initialized
2025-01-06 08:41:55,575 [INFO] CADModel:165 - CPN selected for project level
2025-01-06 08:41:55,575 [INFO] CADModel:114 - Register for checkConnection events
2025-01-06 08:41:55,575 [FATAL] Updater:351 - Updater called before beeing initialized
2025-01-06 08:41:55,576 [ERROR] CADModel:125 - Updater not yet initialized, retry later 
2025-01-06 08:41:55,582 [FATAL] Updater:351 - Updater called before beeing initialized
2025-01-06 08:41:55,782 [INFO] ThirdPartyUpdaterWithRetryManager:70 - Updater plugin not ready yet. [2/15]
2025-01-06 08:41:55,984 [FATAL] Updater:351 - Updater called before beeing initialized
2025-01-06 08:41:55,994 [INFO] DbMcusAds:53 - JSON generation date=Tue Dec 17 21:31:15 IST 2024 (1734451275222)
2025-01-06 08:41:55,994 [FATAL] Updater:351 - Updater called before beeing initialized
2025-01-06 08:41:56,119 [WARN] DetailPanel:346 - Failed to get advertising image, set to default
2025-01-06 08:41:56,758 [FATAL] Updater:351 - Updater called before beeing initialized
2025-01-06 08:41:56,763 [FATAL] Updater:351 - Updater called before beeing initialized
2025-01-06 08:41:56,764 [FATAL] Updater:351 - Updater called before beeing initialized
2025-01-06 08:41:56,764 [WARN] DetailPanel:346 - Failed to get advertising image, set to default
2025-01-06 08:41:56,766 [FATAL] Updater:351 - Updater called before beeing initialized
2025-01-06 08:41:56,928 [ERROR] Updater:1198 - MainUpdater not yet initialized. External WinMGr cannot be set.
2025-01-06 08:41:56,933 [INFO] Updater:1134 - Updater Version found : 6.13.0
2025-01-06 08:41:56,972 [INFO] ApplicationProperties:184 - Using Application install path: C:\ST\STM32CubeIDE_1.17.0\STM32CubeIDE\plugins\com.st.stm32cube.common.mx_6.13.0.202411220809
2025-01-06 08:41:58,566 [ERROR] LogOutputStream:75 - [STDERR_REDIRECT] Jan 06, 2025 8:41:58 AM java.util.prefs.WindowsPreferences <init>
2025-01-06 08:41:58,569 [ERROR] LogOutputStream:75 - [STDERR_REDIRECT] WARNING: Could not open/create prefs root node Software\JavaSoft\Prefs at root 0xffffffff80000002. Windows RegCreateKeyEx(...) returned error code 5.
2025-01-06 08:41:58,570 [ERROR] LogOutputStream:75 - [STDERR_REDIRECT] 
2025-01-06 08:41:58,784 [FATAL] Updater:351 - Updater called before beeing initialized
2025-01-06 08:41:58,785 [ERROR] IntegrityCheckThread:130 - Cannot retrieve database content from updater: error 21
2025-01-06 08:41:58,786 [INFO] ThirdParty:978 - Integrity check success = false
2025-01-06 08:41:58,786 [INFO] IntegrityCheckThread:100 - exiting critical section [integrity check]
2025-01-06 08:41:58,786 [INFO] IntegrityCheckThread:103 - End integrity checks thread
2025-01-06 08:41:59,292 [INFO] MainUpdater:2872 - connection check result : 10
2025-01-06 08:41:59,293 [INFO] MainUpdater:289 - Updater Check For Update Now.
2025-01-06 08:41:59,294 [INFO] MicroXplorer:498 - Change Database Version : DB.6.0.130
2025-01-06 08:41:59,307 [INFO] McuFinderGlobals:63 - Set McuFinder mode to 2 (CubeIDE integrated)
2025-01-06 08:41:59,336 [INFO] UserAuth:486 - Internet connection configuration mode: 1
2025-01-06 08:41:59,412 [INFO] JxBrowserEngine:152 - Initiate JxBrowser Engine with user profile folder
2025-01-06 08:41:59,599 [INFO] CheckServerUpdateThread:120 - End of CheckServer Thread
2025-01-06 08:42:01,369 [INFO] WebApp:168 - Instantiating new browser for Auth
2025-01-06 08:42:03,406 [INFO] WebApp:449 - Apply proxy settings
2025-01-06 08:42:03,407 [INFO] WebApp:534 - Chromium requires no authentication
2025-01-06 08:42:03,427 [INFO] WebApp:477 - Direct internet connection detected
2025-01-06 08:42:03,482 [INFO] WebApp:880 - Register for checkConnection events
2025-01-06 08:42:03,483 [INFO] WebApp:449 - Apply proxy settings
2025-01-06 08:42:03,483 [INFO] WebApp:534 - Chromium requires no authentication
2025-01-06 08:42:03,485 [INFO] WebApp:477 - Direct internet connection detected
2025-01-06 08:42:04,026 [INFO] WebApp:221 - Starting web application
2025-01-06 08:42:04,027 [INFO] WebApp:579 - Web application path used C:\ST\STM32CubeIDE_1.17.0\STM32CubeIDE\plugins\com.st.stm32cube.common.mx_6.13.0.202411220809\db\plugins\mcufinder\reactClient1\index.html
2025-01-06 08:42:04,453 [INFO] UserAuth:486 - Internet connection configuration mode: 1
2025-01-06 08:42:05,368 [INFO] WebApp:187 - Connection restablished
2025-01-06 08:51:35,577 [INFO] WebApp:190 - Connection lost
2025-01-06 08:51:43,335 [INFO] WebApp:187 - Connection restablished
